Args in experiment:
Namespace(AutoCon=True, AutoCon_lambda=1.0, AutoCon_multiscales=[96], AutoCon_wnorm='LastVal', activation='gelu', anomaly_ratio=0.25, batch_size=64, c_out=1, checkpoints='./checkpoints/', d_ff=16, d_layers=1, d_model=16, data='ETTh2', data_path='ETTh2.csv', dec_in=7, des='Exp', devices='0,1,2,3', distil=True, dropout=0.1, e_layers=3, embed='timeF', enc_in=1, factor=1, features='S', freq='h', gpu=0, is_training=1, itr=5, label_len=48, learning_rate=0.005, loss='MSE', lradj='type1', mask_rate=0.25, model='AutoConNet', model_id='ICLR24_CRV', moving_avg=25, n_heads=8, num_kernels=6, num_workers=2, output_attention=False, p_hidden_dims=[128, 128], p_hidden_layers=2, patience=3, pred_len=96, root_path='./dataset/ETT-small', save=False, seasonal_patterns='Monthly', seq_len=96, target='OT', task_name='long_term_forecast', top_k=5, train_epochs=10, train_ratio=0.6, use_amp=False, use_gpu=True, use_multi_gpu=False)
Use GPU: cuda:0
TimeFeatureEmbedding-wo-freq:   []
model parameters:25569
train 8449
Auto-correlation values(abs):[1.         0.99989766] ~ [1.41421573e-04 7.13747759e-05]
Autocorrelation calculation time: 0.2627
>>>>>>>start training : long_term_forecast_ICLR24_CRV_AutoConNet_ETTh2_ftS_sl96_ll48_pl96_dm16_nh8_el3_dl1_df16_fc1_ebtimeF_dtTrue_Exp_0>>>>>>>>>>>>>>>>>>>>>>>>>>
train 8449
val 2785
test 2785
	iters: 100, epoch: 1 | loss: 3.2289762
	speed: 0.0338s/iter; left time: 41.2588s
Epoch: 1 cost time: 4.3542633056640625
Epoch: 1, Steps: 132 Train Loss: 3.4279 (Forecasting Loss:0.2066 + AutoCon Loss:3.2213 x Lambda(1.0)), Vali MSE Loss: 0.1804 Test MSE Loss: 0.1323
Validation loss decreased (inf --> 0.180361).  Saving model ...
Updating learning rate to 0.005
	iters: 100, epoch: 2 | loss: 3.0254993
	speed: 0.0323s/iter; left time: 35.2156s
Epoch: 2 cost time: 4.255817651748657
Epoch: 2, Steps: 132 Train Loss: 3.0313 (Forecasting Loss:0.1920 + AutoCon Loss:2.8393 x Lambda(1.0)), Vali MSE Loss: 0.1768 Test MSE Loss: 0.1280
Validation loss decreased (0.180361 --> 0.176799).  Saving model ...
Updating learning rate to 0.0025
	iters: 100, epoch: 3 | loss: 2.8701103
	speed: 0.0273s/iter; left time: 26.1721s
Epoch: 3 cost time: 3.993203639984131
Epoch: 3, Steps: 132 Train Loss: 2.8899 (Forecasting Loss:0.1882 + AutoCon Loss:2.7017 x Lambda(1.0)), Vali MSE Loss: 0.1921 Test MSE Loss: 0.1328
EarlyStopping counter: 1 out of 3
Updating learning rate to 0.00125
	iters: 100, epoch: 4 | loss: 2.7979717
	speed: 0.0238s/iter; left time: 19.6446s
Epoch: 4 cost time: 3.538688898086548
Epoch: 4, Steps: 132 Train Loss: 2.8332 (Forecasting Loss:0.1862 + AutoCon Loss:2.6470 x Lambda(1.0)), Vali MSE Loss: 0.1751 Test MSE Loss: 0.1240
Validation loss decreased (0.176799 --> 0.175101).  Saving model ...
Updating learning rate to 0.000625
	iters: 100, epoch: 5 | loss: 2.8151624
	speed: 0.0260s/iter; left time: 18.0395s
Epoch: 5 cost time: 3.797912359237671
Epoch: 5, Steps: 132 Train Loss: 2.8101 (Forecasting Loss:0.1831 + AutoCon Loss:2.6270 x Lambda(1.0)), Vali MSE Loss: 0.1722 Test MSE Loss: 0.1243
Validation loss decreased (0.175101 --> 0.172153).  Saving model ...
Updating learning rate to 0.0003125
	iters: 100, epoch: 6 | loss: 2.7492752
	speed: 0.0271s/iter; left time: 15.2266s
Epoch: 6 cost time: 3.8203818798065186
Epoch: 6, Steps: 132 Train Loss: 2.7932 (Forecasting Loss:0.1823 + AutoCon Loss:2.6109 x Lambda(1.0)), Vali MSE Loss: 0.1752 Test MSE Loss: 0.1235
EarlyStopping counter: 1 out of 3
Updating learning rate to 0.00015625
	iters: 100, epoch: 7 | loss: 2.8280640
	speed: 0.0269s/iter; left time: 11.5342s
Epoch: 7 cost time: 3.8754427433013916
Epoch: 7, Steps: 132 Train Loss: 2.7927 (Forecasting Loss:0.1815 + AutoCon Loss:2.6112 x Lambda(1.0)), Vali MSE Loss: 0.1738 Test MSE Loss: 0.1232
EarlyStopping counter: 2 out of 3
Updating learning rate to 7.8125e-05
	iters: 100, epoch: 8 | loss: 2.7301650
	speed: 0.0254s/iter; left time: 7.5380s
Epoch: 8 cost time: 3.770609140396118
Epoch: 8, Steps: 132 Train Loss: 2.7842 (Forecasting Loss:0.1812 + AutoCon Loss:2.6030 x Lambda(1.0)), Vali MSE Loss: 0.1760 Test MSE Loss: 0.1229
EarlyStopping counter: 3 out of 3
Early stopping
>>>>>>>testing : long_term_forecast_ICLR24_CRV_AutoConNet_ETTh2_ftS_sl96_ll48_pl96_dm16_nh8_el3_dl1_df16_fc1_ebtimeF_dtTrue_Exp_0<<<<<<<<<<<<<<<<<<<<<<<<<<<<<<<<<
test 2785
test shape: (43, 64, 96, 1) (43, 64, 96, 1)
test shape: (2752, 96, 1) (2752, 96, 1)
mse:0.12429769337177277, mae:0.2685893476009369, mape:0.6766901016235352, mspe:20.131755828857422 dilate:0.0000000, Shapedtw:0.0000000, Temporaldtw:0.0000000
Use GPU: cuda:0
TimeFeatureEmbedding-wo-freq:   []
model parameters:25569
train 8449
Auto-correlation values(abs):[1.         0.99989766] ~ [1.41421573e-04 7.13747759e-05]
Autocorrelation calculation time: 0.0464
>>>>>>>start training : long_term_forecast_ICLR24_CRV_AutoConNet_ETTh2_ftS_sl96_ll48_pl96_dm16_nh8_el3_dl1_df16_fc1_ebtimeF_dtTrue_Exp_1>>>>>>>>>>>>>>>>>>>>>>>>>>
train 8449
val 2785
test 2785
	iters: 100, epoch: 1 | loss: 3.2311747
	speed: 0.0218s/iter; left time: 26.6214s
Epoch: 1 cost time: 3.2506191730499268
Epoch: 1, Steps: 132 Train Loss: 3.4039 (Forecasting Loss:0.2062 + AutoCon Loss:3.1977 x Lambda(1.0)), Vali MSE Loss: 0.1847 Test MSE Loss: 0.1276
Validation loss decreased (inf --> 0.184667).  Saving model ...
Updating learning rate to 0.005
	iters: 100, epoch: 2 | loss: 3.0134110
	speed: 0.0234s/iter; left time: 25.4769s
Epoch: 2 cost time: 3.461921215057373
Epoch: 2, Steps: 132 Train Loss: 3.0164 (Forecasting Loss:0.1918 + AutoCon Loss:2.8246 x Lambda(1.0)), Vali MSE Loss: 0.1806 Test MSE Loss: 0.1297
Validation loss decreased (0.184667 --> 0.180553).  Saving model ...
Updating learning rate to 0.0025
	iters: 100, epoch: 3 | loss: 2.9095790
	speed: 0.0212s/iter; left time: 20.2588s
Epoch: 3 cost time: 3.191038131713867
Epoch: 3, Steps: 132 Train Loss: 2.8943 (Forecasting Loss:0.1895 + AutoCon Loss:2.7048 x Lambda(1.0)), Vali MSE Loss: 0.1810 Test MSE Loss: 0.1264
EarlyStopping counter: 1 out of 3
Updating learning rate to 0.00125
	iters: 100, epoch: 4 | loss: 2.8836164
	speed: 0.0207s/iter; left time: 17.0958s
Epoch: 4 cost time: 3.171745538711548
Epoch: 4, Steps: 132 Train Loss: 2.8465 (Forecasting Loss:0.1850 + AutoCon Loss:2.6615 x Lambda(1.0)), Vali MSE Loss: 0.1792 Test MSE Loss: 0.1250
Validation loss decreased (0.180553 --> 0.179239).  Saving model ...
Updating learning rate to 0.000625
	iters: 100, epoch: 5 | loss: 2.8588967
	speed: 0.0223s/iter; left time: 15.4648s
Epoch: 5 cost time: 3.2256531715393066
Epoch: 5, Steps: 132 Train Loss: 2.8171 (Forecasting Loss:0.1829 + AutoCon Loss:2.6342 x Lambda(1.0)), Vali MSE Loss: 0.1801 Test MSE Loss: 0.1252
EarlyStopping counter: 1 out of 3
Updating learning rate to 0.0003125
	iters: 100, epoch: 6 | loss: 2.8174810
	speed: 0.0224s/iter; left time: 12.5485s
Epoch: 6 cost time: 3.2928600311279297
Epoch: 6, Steps: 132 Train Loss: 2.8109 (Forecasting Loss:0.1825 + AutoCon Loss:2.6284 x Lambda(1.0)), Vali MSE Loss: 0.1727 Test MSE Loss: 0.1212
Validation loss decreased (0.179239 --> 0.172741).  Saving model ...
Updating learning rate to 0.00015625
	iters: 100, epoch: 7 | loss: 2.8370564
	speed: 0.0214s/iter; left time: 9.1822s
Epoch: 7 cost time: 3.2133474349975586
Epoch: 7, Steps: 132 Train Loss: 2.8050 (Forecasting Loss:0.1813 + AutoCon Loss:2.6237 x Lambda(1.0)), Vali MSE Loss: 0.1745 Test MSE Loss: 0.1218
EarlyStopping counter: 1 out of 3
Updating learning rate to 7.8125e-05
	iters: 100, epoch: 8 | loss: 2.8724589
	speed: 0.0220s/iter; left time: 6.5280s
Epoch: 8 cost time: 3.2179815769195557
Epoch: 8, Steps: 132 Train Loss: 2.7996 (Forecasting Loss:0.1810 + AutoCon Loss:2.6186 x Lambda(1.0)), Vali MSE Loss: 0.1762 Test MSE Loss: 0.1217
EarlyStopping counter: 2 out of 3
Updating learning rate to 3.90625e-05
	iters: 100, epoch: 9 | loss: 2.8066602
	speed: 0.0213s/iter; left time: 3.5137s
Epoch: 9 cost time: 3.2735705375671387
Epoch: 9, Steps: 132 Train Loss: 2.7989 (Forecasting Loss:0.1802 + AutoCon Loss:2.6187 x Lambda(1.0)), Vali MSE Loss: 0.1755 Test MSE Loss: 0.1230
EarlyStopping counter: 3 out of 3
Early stopping
>>>>>>>testing : long_term_forecast_ICLR24_CRV_AutoConNet_ETTh2_ftS_sl96_ll48_pl96_dm16_nh8_el3_dl1_df16_fc1_ebtimeF_dtTrue_Exp_1<<<<<<<<<<<<<<<<<<<<<<<<<<<<<<<<<
test 2785
test shape: (43, 64, 96, 1) (43, 64, 96, 1)
test shape: (2752, 96, 1) (2752, 96, 1)
mse:0.12118291109800339, mae:0.2661598324775696, mape:0.700630247592926, mspe:22.108247756958008 dilate:0.0000000, Shapedtw:0.0000000, Temporaldtw:0.0000000
Use GPU: cuda:0
TimeFeatureEmbedding-wo-freq:   []
model parameters:25569
train 8449
Auto-correlation values(abs):[1.         0.99989766] ~ [1.41421573e-04 7.13747759e-05]
Autocorrelation calculation time: 0.5036
>>>>>>>start training : long_term_forecast_ICLR24_CRV_AutoConNet_ETTh2_ftS_sl96_ll48_pl96_dm16_nh8_el3_dl1_df16_fc1_ebtimeF_dtTrue_Exp_2>>>>>>>>>>>>>>>>>>>>>>>>>>
train 8449
val 2785
test 2785
	iters: 100, epoch: 1 | loss: 3.2067554
	speed: 0.0219s/iter; left time: 26.7690s
Epoch: 1 cost time: 3.203745126724243
Epoch: 1, Steps: 132 Train Loss: 3.4447 (Forecasting Loss:0.2060 + AutoCon Loss:3.2387 x Lambda(1.0)), Vali MSE Loss: 0.1818 Test MSE Loss: 0.1261
Validation loss decreased (inf --> 0.181795).  Saving model ...
Updating learning rate to 0.005
	iters: 100, epoch: 2 | loss: 2.9596374
	speed: 0.0209s/iter; left time: 22.7091s
Epoch: 2 cost time: 3.1025593280792236
Epoch: 2, Steps: 132 Train Loss: 3.0216 (Forecasting Loss:0.1924 + AutoCon Loss:2.8292 x Lambda(1.0)), Vali MSE Loss: 0.1749 Test MSE Loss: 0.1267
Validation loss decreased (0.181795 --> 0.174859).  Saving model ...
Updating learning rate to 0.0025
	iters: 100, epoch: 3 | loss: 2.9214189
	speed: 0.0215s/iter; left time: 20.5527s
Epoch: 3 cost time: 3.2032623291015625
Epoch: 3, Steps: 132 Train Loss: 2.8748 (Forecasting Loss:0.1898 + AutoCon Loss:2.6850 x Lambda(1.0)), Vali MSE Loss: 0.1818 Test MSE Loss: 0.1257
EarlyStopping counter: 1 out of 3
Updating learning rate to 0.00125
	iters: 100, epoch: 4 | loss: 2.7675011
	speed: 0.0213s/iter; left time: 17.5325s
Epoch: 4 cost time: 3.2145299911499023
Epoch: 4, Steps: 132 Train Loss: 2.8081 (Forecasting Loss:0.1867 + AutoCon Loss:2.6214 x Lambda(1.0)), Vali MSE Loss: 0.1785 Test MSE Loss: 0.1278
EarlyStopping counter: 2 out of 3
Updating learning rate to 0.000625
	iters: 100, epoch: 5 | loss: 2.7079995
	speed: 0.0223s/iter; left time: 15.4234s
Epoch: 5 cost time: 3.3080101013183594
Epoch: 5, Steps: 132 Train Loss: 2.7794 (Forecasting Loss:0.1851 + AutoCon Loss:2.5943 x Lambda(1.0)), Vali MSE Loss: 0.1774 Test MSE Loss: 0.1233
EarlyStopping counter: 3 out of 3
Early stopping
>>>>>>>testing : long_term_forecast_ICLR24_CRV_AutoConNet_ETTh2_ftS_sl96_ll48_pl96_dm16_nh8_el3_dl1_df16_fc1_ebtimeF_dtTrue_Exp_2<<<<<<<<<<<<<<<<<<<<<<<<<<<<<<<<<
test 2785
test shape: (43, 64, 96, 1) (43, 64, 96, 1)
test shape: (2752, 96, 1) (2752, 96, 1)
mse:0.12672844529151917, mae:0.27317678928375244, mape:0.702603280544281, mspe:21.264785766601562 dilate:0.0000000, Shapedtw:0.0000000, Temporaldtw:0.0000000
Use GPU: cuda:0
TimeFeatureEmbedding-wo-freq:   []
model parameters:25569
train 8449
Auto-correlation values(abs):[1.         0.99989766] ~ [1.41421573e-04 7.13747759e-05]
Autocorrelation calculation time: 0.3750
>>>>>>>start training : long_term_forecast_ICLR24_CRV_AutoConNet_ETTh2_ftS_sl96_ll48_pl96_dm16_nh8_el3_dl1_df16_fc1_ebtimeF_dtTrue_Exp_3>>>>>>>>>>>>>>>>>>>>>>>>>>
train 8449
val 2785
test 2785
	iters: 100, epoch: 1 | loss: 3.1626694
	speed: 0.0211s/iter; left time: 25.7746s
Epoch: 1 cost time: 3.2024424076080322
Epoch: 1, Steps: 132 Train Loss: 3.3675 (Forecasting Loss:0.2054 + AutoCon Loss:3.1621 x Lambda(1.0)), Vali MSE Loss: 0.1788 Test MSE Loss: 0.1345
Validation loss decreased (inf --> 0.178751).  Saving model ...
Updating learning rate to 0.005
	iters: 100, epoch: 2 | loss: 2.9683740
	speed: 0.0217s/iter; left time: 23.5795s
Epoch: 2 cost time: 3.22575306892395
Epoch: 2, Steps: 132 Train Loss: 3.0109 (Forecasting Loss:0.1917 + AutoCon Loss:2.8192 x Lambda(1.0)), Vali MSE Loss: 0.1788 Test MSE Loss: 0.1281
EarlyStopping counter: 1 out of 3
Updating learning rate to 0.0025
	iters: 100, epoch: 3 | loss: 2.8407421
	speed: 0.0212s/iter; left time: 20.2646s
Epoch: 3 cost time: 3.191427707672119
Epoch: 3, Steps: 132 Train Loss: 2.8831 (Forecasting Loss:0.1889 + AutoCon Loss:2.6941 x Lambda(1.0)), Vali MSE Loss: 0.1775 Test MSE Loss: 0.1285
Validation loss decreased (0.178751 --> 0.177501).  Saving model ...
Updating learning rate to 0.00125
	iters: 100, epoch: 4 | loss: 2.7908032
	speed: 0.0212s/iter; left time: 17.4977s
Epoch: 4 cost time: 3.1917834281921387
Epoch: 4, Steps: 132 Train Loss: 2.8220 (Forecasting Loss:0.1853 + AutoCon Loss:2.6367 x Lambda(1.0)), Vali MSE Loss: 0.1743 Test MSE Loss: 0.1266
Validation loss decreased (0.177501 --> 0.174318).  Saving model ...
Updating learning rate to 0.000625
	iters: 100, epoch: 5 | loss: 2.8776579
	speed: 0.0211s/iter; left time: 14.6255s
Epoch: 5 cost time: 3.2130990028381348
Epoch: 5, Steps: 132 Train Loss: 2.7985 (Forecasting Loss:0.1832 + AutoCon Loss:2.6152 x Lambda(1.0)), Vali MSE Loss: 0.1709 Test MSE Loss: 0.1241
Validation loss decreased (0.174318 --> 0.170876).  Saving model ...
Updating learning rate to 0.0003125
	iters: 100, epoch: 6 | loss: 2.8838129
	speed: 0.0212s/iter; left time: 11.9035s
Epoch: 6 cost time: 3.2136752605438232
Epoch: 6, Steps: 132 Train Loss: 2.7856 (Forecasting Loss:0.1825 + AutoCon Loss:2.6031 x Lambda(1.0)), Vali MSE Loss: 0.1734 Test MSE Loss: 0.1222
EarlyStopping counter: 1 out of 3
Updating learning rate to 0.00015625
	iters: 100, epoch: 7 | loss: 2.8391504
	speed: 0.0211s/iter; left time: 9.0707s
Epoch: 7 cost time: 3.1816184520721436
Epoch: 7, Steps: 132 Train Loss: 2.7819 (Forecasting Loss:0.1817 + AutoCon Loss:2.6002 x Lambda(1.0)), Vali MSE Loss: 0.1729 Test MSE Loss: 0.1233
EarlyStopping counter: 2 out of 3
Updating learning rate to 7.8125e-05
	iters: 100, epoch: 8 | loss: 2.7502551
	speed: 0.0217s/iter; left time: 6.4385s
Epoch: 8 cost time: 3.1949315071105957
Epoch: 8, Steps: 132 Train Loss: 2.7777 (Forecasting Loss:0.1814 + AutoCon Loss:2.5963 x Lambda(1.0)), Vali MSE Loss: 0.1726 Test MSE Loss: 0.1229
EarlyStopping counter: 3 out of 3
Early stopping
>>>>>>>testing : long_term_forecast_ICLR24_CRV_AutoConNet_ETTh2_ftS_sl96_ll48_pl96_dm16_nh8_el3_dl1_df16_fc1_ebtimeF_dtTrue_Exp_3<<<<<<<<<<<<<<<<<<<<<<<<<<<<<<<<<
test 2785
test shape: (43, 64, 96, 1) (43, 64, 96, 1)
test shape: (2752, 96, 1) (2752, 96, 1)
mse:0.12408080697059631, mae:0.2696067988872528, mape:0.7096466422080994, mspe:22.121692657470703 dilate:0.0000000, Shapedtw:0.0000000, Temporaldtw:0.0000000
Use GPU: cuda:0
TimeFeatureEmbedding-wo-freq:   []
model parameters:25569
train 8449
Auto-correlation values(abs):[1.         0.99989766] ~ [1.41421573e-04 7.13747759e-05]
Autocorrelation calculation time: 0.4843
>>>>>>>start training : long_term_forecast_ICLR24_CRV_AutoConNet_ETTh2_ftS_sl96_ll48_pl96_dm16_nh8_el3_dl1_df16_fc1_ebtimeF_dtTrue_Exp_4>>>>>>>>>>>>>>>>>>>>>>>>>>
train 8449
val 2785
test 2785
	iters: 100, epoch: 1 | loss: 3.2905433
	speed: 0.0219s/iter; left time: 26.7314s
Epoch: 1 cost time: 3.2336020469665527
Epoch: 1, Steps: 132 Train Loss: 3.4450 (Forecasting Loss:0.2045 + AutoCon Loss:3.2405 x Lambda(1.0)), Vali MSE Loss: 0.1886 Test MSE Loss: 0.1439
Validation loss decreased (inf --> 0.188601).  Saving model ...
Updating learning rate to 0.005
	iters: 100, epoch: 2 | loss: 3.0044658
	speed: 0.0218s/iter; left time: 23.7436s
Epoch: 2 cost time: 3.2023932933807373
Epoch: 2, Steps: 132 Train Loss: 3.0938 (Forecasting Loss:0.1934 + AutoCon Loss:2.9004 x Lambda(1.0)), Vali MSE Loss: 0.1791 Test MSE Loss: 0.1282
Validation loss decreased (0.188601 --> 0.179124).  Saving model ...
Updating learning rate to 0.0025
	iters: 100, epoch: 3 | loss: 2.8766596
	speed: 0.0212s/iter; left time: 20.3294s
Epoch: 3 cost time: 3.0813474655151367
Epoch: 3, Steps: 132 Train Loss: 2.8878 (Forecasting Loss:0.1879 + AutoCon Loss:2.6999 x Lambda(1.0)), Vali MSE Loss: 0.1814 Test MSE Loss: 0.1267
EarlyStopping counter: 1 out of 3
Updating learning rate to 0.00125
	iters: 100, epoch: 4 | loss: 2.8324213
	speed: 0.0217s/iter; left time: 17.8710s
Epoch: 4 cost time: 3.181777000427246
Epoch: 4, Steps: 132 Train Loss: 2.8214 (Forecasting Loss:0.1860 + AutoCon Loss:2.6354 x Lambda(1.0)), Vali MSE Loss: 0.1774 Test MSE Loss: 0.1256
Validation loss decreased (0.179124 --> 0.177365).  Saving model ...
Updating learning rate to 0.000625
	iters: 100, epoch: 5 | loss: 2.7214403
	speed: 0.0228s/iter; left time: 15.7767s
Epoch: 5 cost time: 3.326162338256836
Epoch: 5, Steps: 132 Train Loss: 2.7855 (Forecasting Loss:0.1843 + AutoCon Loss:2.6012 x Lambda(1.0)), Vali MSE Loss: 0.1782 Test MSE Loss: 0.1259
EarlyStopping counter: 1 out of 3
Updating learning rate to 0.0003125
	iters: 100, epoch: 6 | loss: 2.7346539
	speed: 0.0215s/iter; left time: 12.0371s
Epoch: 6 cost time: 3.1958730220794678
Epoch: 6, Steps: 132 Train Loss: 2.7668 (Forecasting Loss:0.1835 + AutoCon Loss:2.5834 x Lambda(1.0)), Vali MSE Loss: 0.1773 Test MSE Loss: 0.1257
Validation loss decreased (0.177365 --> 0.177335).  Saving model ...
Updating learning rate to 0.00015625
	iters: 100, epoch: 7 | loss: 2.7070589
	speed: 0.0217s/iter; left time: 9.3124s
Epoch: 7 cost time: 3.2033939361572266
Epoch: 7, Steps: 132 Train Loss: 2.7592 (Forecasting Loss:0.1831 + AutoCon Loss:2.5761 x Lambda(1.0)), Vali MSE Loss: 0.1770 Test MSE Loss: 0.1268
Validation loss decreased (0.177335 --> 0.177020).  Saving model ...
Updating learning rate to 7.8125e-05
	iters: 100, epoch: 8 | loss: 2.7223761
	speed: 0.0262s/iter; left time: 7.7762s
Epoch: 8 cost time: 3.7084271907806396
Epoch: 8, Steps: 132 Train Loss: 2.7543 (Forecasting Loss:0.1825 + AutoCon Loss:2.5717 x Lambda(1.0)), Vali MSE Loss: 0.1746 Test MSE Loss: 0.1257
Validation loss decreased (0.177020 --> 0.174608).  Saving model ...
Updating learning rate to 3.90625e-05
	iters: 100, epoch: 9 | loss: 2.7179265
	speed: 0.0215s/iter; left time: 3.5484s
Epoch: 9 cost time: 3.21467661857605
Epoch: 9, Steps: 132 Train Loss: 2.7541 (Forecasting Loss:0.1823 + AutoCon Loss:2.5717 x Lambda(1.0)), Vali MSE Loss: 0.1756 Test MSE Loss: 0.1256
EarlyStopping counter: 1 out of 3
Updating learning rate to 1.953125e-05
	iters: 100, epoch: 10 | loss: 2.7273483
	speed: 0.0213s/iter; left time: 0.7044s
Epoch: 10 cost time: 3.177145004272461
Epoch: 10, Steps: 132 Train Loss: 2.7508 (Forecasting Loss:0.1823 + AutoCon Loss:2.5685 x Lambda(1.0)), Vali MSE Loss: 0.1754 Test MSE Loss: 0.1255
EarlyStopping counter: 2 out of 3
Updating learning rate to 9.765625e-06
>>>>>>>testing : long_term_forecast_ICLR24_CRV_AutoConNet_ETTh2_ftS_sl96_ll48_pl96_dm16_nh8_el3_dl1_df16_fc1_ebtimeF_dtTrue_Exp_4<<<<<<<<<<<<<<<<<<<<<<<<<<<<<<<<<
test 2785
test shape: (43, 64, 96, 1) (43, 64, 96, 1)
test shape: (2752, 96, 1) (2752, 96, 1)
mse:0.1256784349679947, mae:0.27027571201324463, mape:0.6771853566169739, mspe:19.76341438293457 dilate:0.0000000, Shapedtw:0.0000000, Temporaldtw:0.0000000
MSE:0.1244+-0.00260, MAE:0.2696+-0.00317, MAPE:0.6934+-0.01907, MSPE:21.0780+-1.36146, SHAPEDTW:0.0000+-0.00000, TEMPDTW:0.0000+-0.00000